\BOOKMARK [0][-]{chapter.1}{Introduction}{}% 1
\BOOKMARK [1][-]{section.1.1}{The\040Properties}{chapter.1}% 2
\BOOKMARK [2][-]{subsection.1.1.1}{Primary\040Properties}{section.1.1}% 3
\BOOKMARK [2][-]{subsection.1.1.2}{\376\377\000D\000e\000n\000s\000i\000t\000y\000,\000\040\003\301}{section.1.1}% 4
\BOOKMARK [2][-]{subsection.1.1.3}{Specific\040volume,\040v}{section.1.1}% 5
\BOOKMARK [2][-]{subsection.1.1.4}{Temperature,\040T}{section.1.1}% 6
\BOOKMARK [2][-]{subsection.1.1.5}{Pressure,\040p}{section.1.1}% 7
\BOOKMARK [2][-]{subsection.1.1.6}{Internal\040Energy,\040e}{section.1.1}% 8
\BOOKMARK [2][-]{subsection.1.1.7}{Enthalpy,\040h}{section.1.1}% 9
\BOOKMARK [2][-]{subsection.1.1.8}{Entropy,\040s}{section.1.1}% 10
\BOOKMARK [2][-]{subsection.1.1.9}{Specific\040Heats,\040cp\040cv}{section.1.1}% 11
\BOOKMARK [0][-]{chapter.2}{Getting\040started}{}% 12
\BOOKMARK [1][-]{section.2.1}{Installation}{chapter.2}% 13
\BOOKMARK [2][-]{subsection.2.1.1}{Prerequisites}{section.2.1}% 14
\BOOKMARK [2][-]{subsection.2.1.2}{pip}{section.2.1}% 15
\BOOKMARK [2][-]{subsection.2.1.3}{setuptools}{section.2.1}% 16
\BOOKMARK [1][-]{section.2.2}{PYroMat\040from\040the\040command\040line}{chapter.2}% 17
\BOOKMARK [2][-]{subsection.2.2.1}{Importing}{section.2.2}% 18
\BOOKMARK [2][-]{subsection.2.2.2}{Finding\040substances}{section.2.2}% 19
\BOOKMARK [2][-]{subsection.2.2.3}{Retrieving\040substance\040data}{section.2.2}% 20
\BOOKMARK [1][-]{section.2.3}{Property\040interface}{chapter.2}% 21
\BOOKMARK [2][-]{subsection.2.3.1}{Property\040method\040arguments}{section.2.3}% 22
\BOOKMARK [2][-]{subsection.2.3.2}{Default\040values}{section.2.3}% 23
\BOOKMARK [2][-]{subsection.2.3.3}{Working\040with\040arrays}{section.2.3}% 24
\BOOKMARK [0][-]{chapter.3}{Configuration}{}% 25
\BOOKMARK [1][-]{section.3.1}{The\040pm.config\040instance}{chapter.3}% 26
\BOOKMARK [1][-]{section.3.2}{Configuration\040files}{chapter.3}% 27
\BOOKMARK [0][-]{chapter.4}{Units}{}% 28
\BOOKMARK [1][-]{section.4.1}{Unit\040definitions}{chapter.4}% 29
\BOOKMARK [1][-]{section.4.2}{Setup}{chapter.4}% 30
\BOOKMARK [1][-]{section.4.3}{Constants}{chapter.4}% 31
\BOOKMARK [1][-]{section.4.4}{Conversion\040Class}{chapter.4}% 32
\BOOKMARK [1][-]{section.4.5}{Fundamental\040Units}{chapter.4}% 33
\BOOKMARK [2][-]{subsection.4.5.1}{Time}{section.4.5}% 34
\BOOKMARK [2][-]{subsection.4.5.2}{Length}{section.4.5}% 35
\BOOKMARK [2][-]{subsection.4.5.3}{Mass\040and\040Weight}{section.4.5}% 36
\BOOKMARK [2][-]{subsection.4.5.4}{Molar}{section.4.5}% 37
\BOOKMARK [2][-]{subsection.4.5.5}{Matter}{section.4.5}% 38
\BOOKMARK [2][-]{subsection.4.5.6}{Temperature}{section.4.5}% 39
\BOOKMARK [1][-]{section.4.6}{Derived\040Units}{chapter.4}% 40
\BOOKMARK [2][-]{subsection.4.6.1}{Force}{section.4.6}% 41
\BOOKMARK [2][-]{subsection.4.6.2}{Energy}{section.4.6}% 42
\BOOKMARK [2][-]{subsection.4.6.3}{Pressure}{section.4.6}% 43
\BOOKMARK [2][-]{subsection.4.6.4}{Volume}{section.4.6}% 44
\BOOKMARK [0][-]{chapter.5}{The\040PYroMat\040load\040process}{}% 45
\BOOKMARK [1][-]{section.5.1}{The\040class\040registry\040module,\040reg}{chapter.5}% 46
\BOOKMARK [1][-]{section.5.2}{The\040data\040module,\040dat}{chapter.5}% 47
\BOOKMARK [1][-]{section.5.3}{Tools}{chapter.5}% 48
\BOOKMARK [0][-]{chapter.6}{Ideal\040Gases}{}% 49
\BOOKMARK [1][-]{section.6.1}{Properties\040of\040ideal\040gases}{chapter.6}% 50
\BOOKMARK [2][-]{subsection.6.1.1}{Ideal\040gas\040law}{section.6.1}% 51
\BOOKMARK [2][-]{subsection.6.1.2}{Internal\040energy}{section.6.1}% 52
\BOOKMARK [2][-]{subsection.6.1.3}{Enthalpy}{section.6.1}% 53
\BOOKMARK [2][-]{subsection.6.1.4}{Specific\040heats}{section.6.1}% 54
\BOOKMARK [2][-]{subsection.6.1.5}{Entropy\040and\040enthalpy\040revisited}{section.6.1}% 55
\BOOKMARK [2][-]{subsection.6.1.6}{Other\040properties}{section.6.1}% 56
\BOOKMARK [2][-]{subsection.6.1.7}{Enthalpy\040of\040formation}{section.6.1}% 57
\BOOKMARK [2][-]{subsection.6.1.8}{Properties\040of\040mixtures}{section.6.1}% 58
\BOOKMARK [1][-]{section.6.2}{The\040ideal\040gas\040collection}{chapter.6}% 59
\BOOKMARK [2][-]{subsection.6.2.1}{The\040Shomate\040equation:\040ig}{section.6.2}% 60
\BOOKMARK [2][-]{subsection.6.2.2}{The\040NASA\040polynomial:\040ig2}{section.6.2}% 61
\BOOKMARK [2][-]{subsection.6.2.3}{The\040ideal\040gas\040mixture:\040igmix}{section.6.2}% 62
